2023-03-22 15:27:21,840 [main] INFO com.navatar.scripts.AcuityTabAddition - Test Suite Execution Started: 2023-03-22 15:27:21.839
2023-03-22 15:27:24,186 [main] INFO com.navatar.generic.AppListeners - Kindly hold on starting variable intialization........
2023-03-22 15:27:37,122 [main] INFO com.navatar.generic.AppListeners - Done with intialization. Enjoy the show.
Total Time Taken: 12 seconds.
2023-03-22 15:27:37,150 [main] INFO com.navatar.generic.AppListeners - 

*************************Starting: verifyAcuityTabAddedInObjects**********************

 
2023-03-22 15:27:37,150 [main] INFO com.navatar.generic.AppListeners - Test Case: verifyAcuityTabAddedInObjects Started At: 2023-03-22 15:27:37.15
2023-03-22 15:27:40,413 [main] INFO com.navatar.pageObjects.BasePageBusinessLayer - Successfully cleared the text box.
2023-03-22 15:27:41,809 [main] INFO com.navatar.pageObjects.BasePageBusinessLayer - Passed value to element: Username Text Box
Passed Value: pev4.7.2_trial117_admin@navatarplatform.com.tr6sb12
2023-03-22 15:27:42,323 [main] INFO com.navatar.pageObjects.BasePageBusinessLayer - Successfully cleared the text box.
2023-03-22 15:27:43,717 [main] INFO com.navatar.pageObjects.BasePageBusinessLayer - Passed value to element: Password Text Box
Passed Value: navatar@321
2023-03-22 15:27:58,547 [main] INFO com.navatar.pageObjects.BasePageBusinessLayer - Clicked on element: Login Button
2023-03-22 15:28:09,220 [main] INFO com.navatar.pageObjects.BasePageBusinessLayer - Lighting Pop-Up Close Button. is not present on this page.
2023-03-22 15:28:10,230 [main] INFO com.navatar.pageObjects.BasePageBusinessLayer - Going for Lighting
2023-03-22 15:28:11,435 [main] INFO com.navatar.pageObjects.BasePageBusinessLayer - Sales Force is Already open in Lighting mode.
2023-03-22 15:28:11,436 [main] INFO com.navatar.pageObjects.BasePageBusinessLayer - Successfully Switched to Lighting
2023-03-22 15:28:12,081 [main] INFO com.navatar.pageObjects.BasePageBusinessLayer - Clicked on element: setting icon
2023-03-22 15:28:12,282 [main] INFO com.navatar.pageObjects.BasePageBusinessLayer - Sussessfully Clicked on setting icon (HomePageBusineesLayer.java:86)
2023-03-22 15:28:12,889 [main] INFO com.navatar.pageObjects.BasePageBusinessLayer - Clicked on element: setup link
2023-03-22 15:28:13,155 [main] INFO com.navatar.pageObjects.BasePageBusinessLayer - Sussessfully clicked on setup link (HomePageBusineesLayer.java:93)
2023-03-22 15:28:14,964 [main] INFO com.navatar.pageObjects.BasePageBusinessLayer - Successfully switched to new window. 
2023-03-22 15:28:25,666 [main] INFO com.navatar.pageObjects.BasePageBusinessLayer - Clicked on element: object manager tab
2023-03-22 15:28:25,667 [main] INFO com.navatar.pageObjects.BasePageBusinessLayer - clicked on object manager tab
2023-03-22 15:28:27,759 [main] INFO com.navatar.pageObjects.BasePageBusinessLayer - Successfully cleared the text box.
2023-03-22 15:28:29,139 [main] INFO com.navatar.pageObjects.BasePageBusinessLayer - Passed value to element: quick search text box in lighting
Passed Value: Contact
2023-03-22 15:28:29,139 [main] INFO com.navatar.pageObjects.BasePageBusinessLayer - passed value in quick search text box: Contact
2023-03-22 15:28:29,363 [main] INFO com.navatar.pageObjects.BasePageBusinessLayer - Contact object has been opened in setup page 
2023-03-22 15:28:29,370 [main] INFO com.navatar.pageObjects.BasePageBusinessLayer - String change: //table[@data-aura-class="uiVirtualDataGrid--default uiVirtualDataGrid"]//a[text()="Contact"]
2023-03-22 15:28:29,713 [main] INFO com.navatar.pageObjects.BasePageBusinessLayer - Clicked on element: Contact object link
2023-03-22 15:28:29,714 [main] INFO com.navatar.pageObjects.BasePageBusinessLayer - click on object link : Contact (SetupPageBusinessLayer.java:217)
2023-03-22 15:28:29,714 [main] INFO com.navatar.pageObjects.BasePageBusinessLayer - String change: //a[contains(text(),"Lightning Record Pages")]
2023-03-22 15:28:31,549 [main] INFO com.navatar.pageObjects.BasePageBusinessLayer - Clicked on element: Lightning Record Pages object feature link
2023-03-22 15:28:31,549 [main] INFO com.navatar.pageObjects.BasePageBusinessLayer - clicked on Contact object feature : Lightning Record Pages (SetupPageBusinessLayer.java:222)
2023-03-22 15:28:31,745 [main] INFO com.navatar.pageObjects.BasePageBusinessLayer - clicked on lightning Record Pages of object feature of Contact object 
2023-03-22 15:28:37,086 [main] INFO com.navatar.pageObjects.BasePageBusinessLayer - Able to Clicked using JavaScript
2023-03-22 15:28:45,957 [main] INFO com.navatar.pageObjects.BasePageBusinessLayer - Able to Clicked using JavaScript
2023-03-22 15:28:47,604 [main] INFO com.navatar.pageObjects.BasePageBusinessLayer - Title Match Successfull. Expected: Login | Salesforce	Actual Title: Login | Salesforce
2023-03-22 15:28:47,605 [main] INFO com.navatar.pageObjects.BasePageBusinessLayer - User successfully Logged Out
2023-03-22 15:28:47,816 [main] INFO com.navatar.pageObjects.BasePageBusinessLayer - Pass: verifyAcuityTabAddedInObjects
2023-03-22 15:28:47,818 [main] INFO com.navatar.pageObjects.BasePageBusinessLayer - 
************************Finidshed TestCase: verifyAcuityTabAddedInObjects****************

